<?xml version="1.0" encoding="UTF-8"?>
<testsuite name="co.edu.unal.paralela.ReciprocalArraySumTest" time="31.303" tests="4" errors="0" skipped="0" failures="4">
  <properties>
[...]
</properties>
  <testcase name="testParSimpleTwoMillion" classname="co.edu.unal.paralela.ReciprocalArraySumTest" time="0.169">
    <failure message="Se esperaba que la implementación de dos tareas en paralelo pudiera ejecutarse  1.500000x veces más rápido, pero solo alcanzo a mejorar la rapidez (speedup) 1.000000x veces" type="junit.framework.AssertionFailedError">junit.framework.AssertionFailedError: Se esperaba que la implementación de dos tareas en paralelo pudiera ejecutarse  1.500000x veces más rápido, pero solo alcanzo a mejorar la rapidez (speedup) 1.000000x veces
	at junit.framework.Assert.fail(Assert.java:47)
	at junit.framework.Assert.assertTrue(Assert.java:20)
	at co.edu.unal.paralela.ReciprocalArraySumTest.testParSimpleTwoMillion(ReciprocalArraySumTest.java:114)
</failure>
  </testcase>
  <testcase name="testParSimpleTwoHundredMillion" classname="co.edu.unal.paralela.ReciprocalArraySumTest" time="15.744">
    <failure message="Se esperaba que la implementación de dos tareas en paralelo pudiera ejecutarse 1.500000x veces más rápido, pero solo alcanzo a mejorar la rapidez (speedup) 0.991597x veces" type="junit.framework.AssertionFailedError">junit.framework.AssertionFailedError: Se esperaba que la implementación de dos tareas en paralelo pudiera ejecutarse 1.500000x veces más rápido, pero solo alcanzo a mejorar la rapidez (speedup) 0.991597x veces
	at junit.framework.Assert.fail(Assert.java:47)
	at junit.framework.Assert.assertTrue(Assert.java:20)
	at co.edu.unal.paralela.ReciprocalArraySumTest.testParSimpleTwoHundredMillion(ReciprocalArraySumTest.java:125)
</failure>
  </testcase>
  <testcase name="testParManyTaskTwoMillion" classname="co.edu.unal.paralela.ReciprocalArraySumTest" time="0.154">
    <failure message="Se esperaba que la implmentación de muchas tareas en paralelo pudiera ejecutarse 8.400000x veces más rápido, pero solo alcanzo a mejorar la rapidez (speedup) 1.000000x veces" type="junit.framework.AssertionFailedError">junit.framework.AssertionFailedError: Se esperaba que la implmentación de muchas tareas en paralelo pudiera ejecutarse 8.400000x veces más rápido, pero solo alcanzo a mejorar la rapidez (speedup) 1.000000x veces
	at junit.framework.Assert.fail(Assert.java:47)
	at junit.framework.Assert.assertTrue(Assert.java:20)
	at co.edu.unal.paralela.ReciprocalArraySumTest.testParManyTaskTwoMillion(ReciprocalArraySumTest.java:137)
</failure>
  </testcase>
  <testcase name="testParManyTaskTwoHundredMillion" classname="co.edu.unal.paralela.ReciprocalArraySumTest" time="15.236">
    <failure message="Se esperaba que la implmentación de muchas tareas en paralelo pudiera ejecutarse  11.200000x veces más rápido, pero solo alcanzo a mejorar la rapidez (speedup) 0.991453x veces" type="junit.framework.AssertionFailedError">junit.framework.AssertionFailedError: Se esperaba que la implmentación de muchas tareas en paralelo pudiera ejecutarse  11.200000x veces más rápido, pero solo alcanzo a mejorar la rapidez (speedup) 0.991453x veces
	at junit.framework.Assert.fail(Assert.java:47)
	at junit.framework.Assert.assertTrue(Assert.java:20)
	at co.edu.unal.paralela.ReciprocalArraySumTest.testParManyTaskTwoHundredMillion(ReciprocalArraySumTest.java:149)
</failure>
  </testcase>
</testsuite>